20240523	04:01:21	f60ca333-d384-421a-8420-4033d5630382	GET	/	undefined
20240523	04:01:21	8efafb0b-f0eb-4a9e-8cec-f1541b63efb0	GET	/favicon.ico	undefined
20240523	04:32:06	f9367992-28b2-48ee-86bd-b97d7765e063	GET	/	undefined
20240523	04:32:06	f9d5e1a4-bd92-4cb7-bd5a-2e2e0795f965	GET	/favicon.ico	undefined
20240523	04:32:25	3ec2e0b8-fad4-44ff-aa8c-a765eff0db26	GET	/http//:localhost:5000	undefined
20240523	04:33:29	1d65f455-abdb-4bad-ac1e-2e89194e0be2	GET	/	undefined
20240523	04:34:29	6140ab6e-e568-4e25-bf58-f3802ea3da49	GET	/	undefined
20240523	04:34:43	484f536a-0aed-41e3-90a6-3fc4a3baad79	GET	/	undefined
20240523	04:34:47	4b74248c-8ff3-46a9-9ecf-d5a2739d5743	GET	/	undefined
20240526	06:43:53	242570e8-c39f-43ae-88bf-23957536dd0c	GET	/profesores	undefined
20240526	07:00:48	7d2b464a-d24b-4304-a472-3d5cffc044f3	POST	/profesores	undefined
20240526	07:01:13	d1eed40d-6efa-4129-84e6-1d9eeb507a2f	POST	/profesores	undefined
20240526	07:02:49	4290b62e-6cda-4689-b67f-acfe0b04dda1	GET	/profesores	undefined
20240526	07:04:59	6834a526-c5a0-4655-810c-f07412ccb2f8	POST	/profesores	undefined
20240526	07:06:41	7fc33883-fa9b-4f5a-856c-bb2635b77106	GET	/profesores	undefined
20240526	07:07:32	3cf9933b-691c-4ce6-b88c-c977f2794908	PATCH	/profesores	undefined
20240526	07:11:35	92918289-39b3-48ea-95c1-4d6ae5da265e	PATCH	/profesores	undefined
20240526	07:12:39	5c794fbc-9880-44af-b7e2-8b33a94a1503	PATCH	/profesores	undefined
20240526	07:12:55	999ce44e-d436-4508-b818-7d99994edd20	PATCH	/profesores	undefined
20240526	07:13:10	23207cc5-5547-40be-92b1-e378bf2e3436	PATCH	/profesores	undefined
20240526	07:14:23	361f99a0-05fc-477f-b51e-fe14b0e8f049	PATCH	/profesores	undefined
20240526	07:15:00	e1b151e6-79f7-462a-93ce-3a8a36b22c53	PATCH	/profesores	undefined
20240526	07:15:05	57b5f441-1ebb-4be4-a79c-f2df496d3b24	GET	/profesores	undefined
20240526	07:16:27	626712a7-d6de-470c-ba6e-d47193252bc1	PATCH	/profesores	undefined
20240526	07:19:37	999ce24d-db7d-469a-973a-ae01be40d6d1	PATCH	/profesores	undefined
20240526	07:19:44	d5e4fc02-7ff9-41af-a9df-6b534e757f62	PATCH	/profesores	undefined
20240526	07:20:27	9c954abb-5a2c-4d51-ad84-2c016c3879ba	GET	/profesores	undefined
20240526	07:22:26	5e15c64d-e151-4418-9b71-8f633033ace7	DELETE	/profesores	undefined
20240526	07:22:43	046b2f55-9ee7-4d84-a11f-ea847b9fe993	DELETE	/profesores	undefined
20240526	07:23:02	a7ba6fef-2671-4f9b-8caa-1ee8fdb2bf8f	GET	/profesores	undefined
